<?xml version="1.0" encoding="UTF-8"?>
<robot generator="Robot 7.3.1 (Python 3.13.5 on win32)" generated="2025-07-03T17:04:56.364191" rpa="false" schemaversion="5">
<suite id="s1" name="Automate test factory" source="C:\Users\User\Documents\GitHub\TEST\Automate_test_factory.robot">
<test id="s1-t1" name="Login Button Click Test" line="9">
<kw name="Open Browser" owner="SeleniumLibrary">
<msg time="2025-07-03T17:04:56.523014" level="INFO">Opening browser 'CHROME' to base url 'https://opensource-demo.orangehrmlive.com/'.</msg>
<arg>${URL}</arg>
<arg>${BROWSER}</arg>
<doc>Opens a new browser instance to the optional ``url``.</doc>
<status status="PASS" start="2025-07-03T17:04:56.522810" elapsed="4.528690"/>
</kw>
<kw name="Maximize Browser Window" owner="SeleniumLibrary">
<doc>Maximizes current browser window.</doc>
<status status="PASS" start="2025-07-03T17:05:01.051784" elapsed="0.033746"/>
</kw>
<kw name="Wait Until Element Is Visible" owner="SeleniumLibrary">
<arg>xpath=//input[@placeholder='Username']</arg>
<arg>10s</arg>
<doc>Waits until the element ``locator`` is visible.</doc>
<status status="PASS" start="2025-07-03T17:05:01.085790" elapsed="0.423071"/>
</kw>
<kw name="Input Text" owner="SeleniumLibrary">
<msg time="2025-07-03T17:05:01.509282" level="INFO">Typing text 'Admin' into text field 'xpath=//input[@placeholder='Username']'.</msg>
<arg>xpath=//input[@placeholder='Username']</arg>
<arg>Admin</arg>
<doc>Types the given ``text`` into the text field identified by ``locator``.</doc>
<status status="PASS" start="2025-07-03T17:05:01.509105" elapsed="0.042368"/>
</kw>
<kw name="Input Text" owner="SeleniumLibrary">
<msg time="2025-07-03T17:05:01.551887" level="INFO">Typing text 'admin123' into text field 'xpath=//input[@placeholder='Password']'.</msg>
<arg>xpath=//input[@placeholder='Password']</arg>
<arg>admin123</arg>
<doc>Types the given ``text`` into the text field identified by ``locator``.</doc>
<status status="PASS" start="2025-07-03T17:05:01.551721" elapsed="0.043309"/>
</kw>
<kw name="Click Button" owner="SeleniumLibrary">
<msg time="2025-07-03T17:05:01.595469" level="INFO">Clicking button 'xpath=//button[@type='submit']'.</msg>
<arg>xpath=//button[@type='submit']</arg>
<doc>Clicks the button identified by ``locator``.</doc>
<status status="PASS" start="2025-07-03T17:05:01.595281" elapsed="0.036080"/>
</kw>
<kw name="Wait Until Page Contains Element" owner="SeleniumLibrary">
<arg>xpath=//h6[text()='Dashboard']</arg>
<arg>10s</arg>
<doc>Waits until the element ``locator`` appears on the current page.</doc>
<status status="PASS" start="2025-07-03T17:05:01.631611" elapsed="1.522831"/>
</kw>
<kw name="Close Browser" owner="SeleniumLibrary">
<doc>Closes the current browser.</doc>
<status status="PASS" start="2025-07-03T17:05:03.154665" elapsed="3.101004"/>
</kw>
<status status="PASS" start="2025-07-03T17:04:56.522198" elapsed="9.733718"/>
</test>
<test id="s1-t2" name="Create And View Leave Request" line="18">
<kw name="Open Browser" owner="SeleniumLibrary">
<msg time="2025-07-03T17:05:06.257075" level="INFO">Opening browser 'CHROME' to base url 'https://opensource-demo.orangehrmlive.com/'.</msg>
<arg>${URL}</arg>
<arg>${BROWSER}</arg>
<doc>Opens a new browser instance to the optional ``url``.</doc>
<status status="PASS" start="2025-07-03T17:05:06.256910" elapsed="4.158297"/>
</kw>
<kw name="Maximize Browser Window" owner="SeleniumLibrary">
<doc>Maximizes current browser window.</doc>
<status status="PASS" start="2025-07-03T17:05:10.415492" elapsed="0.032131"/>
</kw>
<kw name="Wait Until Element Is Visible" owner="SeleniumLibrary">
<arg>xpath=//input[@placeholder='Username']</arg>
<arg>10s</arg>
<doc>Waits until the element ``locator`` is visible.</doc>
<status status="PASS" start="2025-07-03T17:05:10.447851" elapsed="0.421104"/>
</kw>
<kw name="Input Text" owner="SeleniumLibrary">
<msg time="2025-07-03T17:05:10.869401" level="INFO">Typing text 'Admin' into text field 'xpath=//input[@placeholder='Username']'.</msg>
<arg>xpath=//input[@placeholder='Username']</arg>
<arg>Admin</arg>
<doc>Types the given ``text`` into the text field identified by ``locator``.</doc>
<status status="PASS" start="2025-07-03T17:05:10.869205" elapsed="0.043486"/>
</kw>
<kw name="Input Text" owner="SeleniumLibrary">
<msg time="2025-07-03T17:05:10.913373" level="INFO">Typing text 'admin123' into text field 'xpath=//input[@placeholder='Password']'.</msg>
<arg>xpath=//input[@placeholder='Password']</arg>
<arg>admin123</arg>
<doc>Types the given ``text`` into the text field identified by ``locator``.</doc>
<status status="PASS" start="2025-07-03T17:05:10.913137" elapsed="0.045761"/>
</kw>
<kw name="Click Button" owner="SeleniumLibrary">
<msg time="2025-07-03T17:05:10.959716" level="INFO">Clicking button 'xpath=//button[@type='submit']'.</msg>
<arg>xpath=//button[@type='submit']</arg>
<doc>Clicks the button identified by ``locator``.</doc>
<status status="PASS" start="2025-07-03T17:05:10.959214" elapsed="0.039493"/>
</kw>
<kw name="Wait Until Page Contains Element" owner="SeleniumLibrary">
<arg>xpath=//h6[text()='Dashboard']</arg>
<arg>10s</arg>
<doc>Waits until the element ``locator`` appears on the current page.</doc>
<status status="PASS" start="2025-07-03T17:05:10.999988" elapsed="1.473149"/>
</kw>
<kw name="Go To" owner="SeleniumLibrary">
<msg time="2025-07-03T17:05:12.473502" level="INFO">Opening url 'https://opensource-demo.orangehrmlive.com/web/index.php/leave/applyLeave'</msg>
<arg>https://opensource-demo.orangehrmlive.com/web/index.php/leave/applyLeave</arg>
<doc>Navigates the current browser window to the provided ``url``.</doc>
<status status="PASS" start="2025-07-03T17:05:12.473392" elapsed="0.703528"/>
</kw>
<kw name="Wait Until Element Is Visible" owner="SeleniumLibrary">
<arg>xpath=(//div[contains(@class,'oxd-select-text')])[1]</arg>
<arg>10s</arg>
<doc>Waits until the element ``locator`` is visible.</doc>
<status status="PASS" start="2025-07-03T17:05:13.177177" elapsed="0.444905"/>
</kw>
<kw name="Click Element" owner="SeleniumLibrary">
<msg time="2025-07-03T17:05:13.622634" level="INFO">Clicking element 'xpath=(//div[contains(@class,'oxd-select-text')])[1]'.</msg>
<msg time="2025-07-03T17:05:14.112054" level="INFO" html="true">&lt;/td&gt;&lt;/tr&gt;&lt;tr&gt;&lt;td colspan="3"&gt;&lt;a href="selenium-screenshot-22.png"&gt;&lt;img src="selenium-screenshot-22.png" width="800px"&gt;&lt;/a&gt;</msg>
<msg time="2025-07-03T17:05:14.112209" level="FAIL">StaleElementReferenceException: Message: stale element reference: stale element not found in the current frame
  (Session info: chrome=138.0.7204.96); For documentation on this error, please visit: https://www.selenium.dev/documentation/webdriver/troubleshooting/errors#stale-element-reference-exception
Stacktrace:
	GetHandleVerifier [0x0x7ff6b0f56f95+76917]
	GetHandleVerifier [0x0x7ff6b0f56ff0+77008]
	(No symbol) [0x0x7ff6b0d09dea]
	(No symbol) [0x0x7ff6b0d11789]
	(No symbol) [0x0x7ff6b0d1482c]
	(No symbol) [0x0x7ff6b0d148ff]
	(No symbol) [0x0x7ff6b0d6814b]
	(No symbol) [0x0x7ff6b0d65c02]
	(No symbol) [0x0x7ff6b0d62c41]
	(No symbol) [0x0x7ff6b0d61b31]
	(No symbol) [0x0x7ff6b0d53368]
	(No symbol) [0x0x7ff6b0d8846a]
	(No symbol) [0x0x7ff6b0d52c16]
	(No symbol) [0x0x7ff6b0d88680]
	(No symbol) [0x0x7ff6b0db065c]
	(No symbol) [0x0x7ff6b0d88243]
	(No symbol) [0x0x7ff6b0d51431]
	(No symbol) [0x0x7ff6b0d521c3]
	GetHandleVerifier [0x0x7ff6b122d2cd+3051437]
	GetHandleVerifier [0x0x7ff6b1227923+3028483]
	GetHandleVerifier [0x0x7ff6b12458bd+3151261]
	GetHandleVerifier [0x0x7ff6b0f7185e+185662]
	GetHandleVerifier [0x0x7ff6b0f7971f+218111]
	GetHandleVerifier [0x0x7ff6b0f5fb14+112628]
	GetHandleVerifier [0x0x7ff6b0f5fcc9+113065]
	GetHandleVerifier [0x0x7ff6b0f46c98+10616]
	BaseThreadInitThunk [0x0x7ffc1d56259d+29]
	RtlUserThreadStart [0x0x7ffc1e7eaf38+40]
</msg>
<arg>xpath=(//div[contains(@class,'oxd-select-text')])[1]</arg>
<doc>Click the element identified by ``locator``.</doc>
<status status="FAIL" start="2025-07-03T17:05:13.622431" elapsed="0.491690">StaleElementReferenceException: Message: stale element reference: stale element not found in the current frame
  (Session info: chrome=138.0.7204.96); For documentation on this error, please visit: https://www.selenium.dev/documentation/webdriver/troubleshooting/errors#stale-element-reference-exception
Stacktrace:
	GetHandleVerifier [0x0x7ff6b0f56f95+76917]
	GetHandleVerifier [0x0x7ff6b0f56ff0+77008]
	(No symbol) [0x0x7ff6b0d09dea]
	(No symbol) [0x0x7ff6b0d11789]
	(No symbol) [0x0x7ff6b0d1482c]
	(No symbol) [0x0x7ff6b0d148ff]
	(No symbol) [0x0x7ff6b0d6814b]
	(No symbol) [0x0x7ff6b0d65c02]
	(No symbol) [0x0x7ff6b0d62c41]
	(No symbol) [0x0x7ff6b0d61b31]
	(No symbol) [0x0x7ff6b0d53368]
	(No symbol) [0x0x7ff6b0d8846a]
	(No symbol) [0x0x7ff6b0d52c16]
	(No symbol) [0x0x7ff6b0d88680]
	(No symbol) [0x0x7ff6b0db065c]
	(No symbol) [0x0x7ff6b0d88243]
	(No symbol) [0x0x7ff6b0d51431]
	(No symbol) [0x0x7ff6b0d521c3]
	GetHandleVerifier [0x0x7ff6b122d2cd+3051437]
	GetHandleVerifier [0x0x7ff6b1227923+3028483]
	GetHandleVerifier [0x0x7ff6b12458bd+3151261]
	GetHandleVerifier [0x0x7ff6b0f7185e+185662]
	GetHandleVerifier [0x0x7ff6b0f7971f+218111]
	GetHandleVerifier [0x0x7ff6b0f5fb14+112628]
	GetHandleVerifier [0x0x7ff6b0f5fcc9+113065]
	GetHandleVerifier [0x0x7ff6b0f46c98+10616]
	BaseThreadInitThunk [0x0x7ffc1d56259d+29]
	RtlUserThreadStart [0x0x7ffc1e7eaf38+40]
</status>
</kw>
<kw name="Wait Until Element Is Visible" owner="SeleniumLibrary">
<arg>xpath=//span[text()='US - Vacation']</arg>
<arg>5s</arg>
<doc>Waits until the element ``locator`` is visible.</doc>
<status status="NOT RUN" start="2025-07-03T17:05:14.114483" elapsed="0.000035"/>
</kw>
<kw name="Click Element" owner="SeleniumLibrary">
<arg>xpath=//span[text()='US - Vacation']</arg>
<doc>Click the element identified by ``locator``.</doc>
<status status="NOT RUN" start="2025-07-03T17:05:14.114704" elapsed="0.000022"/>
</kw>
<kw name="Wait Until Element Is Visible" owner="SeleniumLibrary">
<arg>xpath=(//input[@placeholder='yyyy-mm-dd'])[1]</arg>
<arg>10s</arg>
<doc>Waits until the element ``locator`` is visible.</doc>
<status status="NOT RUN" start="2025-07-03T17:05:14.114825" elapsed="0.000016"/>
</kw>
<kw name="Input Text" owner="SeleniumLibrary">
<arg>xpath=(//input[@placeholder='yyyy-mm-dd'])[1]</arg>
<arg>2025-08-04</arg>
<doc>Types the given ``text`` into the text field identified by ``locator``.</doc>
<status status="NOT RUN" start="2025-07-03T17:05:14.114931" elapsed="0.000015"/>
</kw>
<kw name="Input Text" owner="SeleniumLibrary">
<arg>xpath=(//input[@placeholder='yyyy-mm-dd'])[2]</arg>
<arg>2025-08-09</arg>
<doc>Types the given ``text`` into the text field identified by ``locator``.</doc>
<status status="NOT RUN" start="2025-07-03T17:05:14.115018" elapsed="0.000013"/>
</kw>
<kw name="Input Text" owner="SeleniumLibrary">
<arg>xpath=//textarea</arg>
<arg>Test +1</arg>
<doc>Types the given ``text`` into the text field identified by ``locator``.</doc>
<status status="NOT RUN" start="2025-07-03T17:05:14.115100" elapsed="0.000013"/>
</kw>
<kw name="Click Button" owner="SeleniumLibrary">
<arg>xpath=//button[normalize-space()='Apply']</arg>
<doc>Clicks the button identified by ``locator``.</doc>
<status status="NOT RUN" start="2025-07-03T17:05:14.115181" elapsed="0.000013"/>
</kw>
<kw name="Wait Until Page Contains" owner="SeleniumLibrary">
<arg>Successfully Submitted</arg>
<arg>15s</arg>
<doc>Waits until ``text`` appears on the current page.</doc>
<status status="NOT RUN" start="2025-07-03T17:05:14.115362" elapsed="0.000023"/>
</kw>
<kw name="Close Browser" owner="SeleniumLibrary">
<doc>Closes the current browser.</doc>
<status status="NOT RUN" start="2025-07-03T17:05:14.115486" elapsed="0.000017"/>
</kw>
<status status="FAIL" start="2025-07-03T17:05:06.256659" elapsed="7.858991">StaleElementReferenceException: Message: stale element reference: stale element not found in the current frame
  (Session info: chrome=138.0.7204.96); For documentation on this error, please visit: https://www.selenium.dev/documentation/webdriver/troubleshooting/errors#stale-element-reference-exception
Stacktrace:
	GetHandleVerifier [0x0x7ff6b0f56f95+76917]
	GetHandleVerifier [0x0x7ff6b0f56ff0+77008]
	(No symbol) [0x0x7ff6b0d09dea]
	(No symbol) [0x0x7ff6b0d11789]
	(No symbol) [0x0x7ff6b0d1482c]
	(No symbol) [0x0x7ff6b0d148ff]
	(No symbol) [0x0x7ff6b0d6814b]
	(No symbol) [0x0x7ff6b0d65c02]
	(No symbol) [0x0x7ff6b0d62c41]
	(No symbol) [0x0x7ff6b0d61b31]
	(No symbol) [0x0x7ff6b0d53368]
	(No symbol) [0x0x7ff6b0d8846a]
	(No symbol) [0x0x7ff6b0d52c16]
	(No symbol) [0x0x7ff6b0d88680]
	(No symbol) [0x0x7ff6b0db065c]
	(No symbol) [0x0x7ff6b0d88243]
	(No symbol) [0x0x7ff6b0d51431]
	(No symbol) [0x0x7ff6b0d521c3]
	GetHandleVerifier [0x0x7ff6b122d2cd+3051437]
	GetHandleVerifier [0x0x7ff6b1227923+3028483]
	GetHandleVerifier [0x0x7ff6b12458bd+3151261]
	GetHandleVerifier [0x0x7ff6b0f7185e+185662]
	GetHandleVerifier [0x0x7ff6b0f7971f+218111]
	GetHandleVerifier [0x0x7ff6b0f5fb14+112628]
	GetHandleVerifier [0x0x7ff6b0f5fcc9+113065]
	GetHandleVerifier [0x0x7ff6b0f46c98+10616]
	BaseThreadInitThunk [0x0x7ffc1d56259d+29]
	RtlUserThreadStart [0x0x7ffc1e7eaf38+40]
</status>
</test>
<test id="s1-t3" name="View My Leave Requests" line="46">
<kw name="Open Browser" owner="SeleniumLibrary">
<msg time="2025-07-03T17:05:14.116768" level="INFO">Opening browser 'CHROME' to base url 'https://opensource-demo.orangehrmlive.com/'.</msg>
<arg>${URL}</arg>
<arg>${BROWSER}</arg>
<doc>Opens a new browser instance to the optional ``url``.</doc>
<status status="PASS" start="2025-07-03T17:05:14.116610" elapsed="4.160568"/>
</kw>
<kw name="Maximize Browser Window" owner="SeleniumLibrary">
<doc>Maximizes current browser window.</doc>
<status status="PASS" start="2025-07-03T17:05:18.277425" elapsed="0.020134"/>
</kw>
<kw name="Wait Until Element Is Visible" owner="SeleniumLibrary">
<arg>xpath=//input[@placeholder='Username']</arg>
<arg>10s</arg>
<doc>Waits until the element ``locator`` is visible.</doc>
<status status="PASS" start="2025-07-03T17:05:18.297788" elapsed="0.421018"/>
</kw>
<kw name="Input Text" owner="SeleniumLibrary">
<msg time="2025-07-03T17:05:18.719246" level="INFO">Typing text 'Admin' into text field 'xpath=//input[@placeholder='Username']'.</msg>
<arg>xpath=//input[@placeholder='Username']</arg>
<arg>Admin</arg>
<doc>Types the given ``text`` into the text field identified by ``locator``.</doc>
<status status="PASS" start="2025-07-03T17:05:18.719065" elapsed="0.041374"/>
</kw>
<kw name="Input Text" owner="SeleniumLibrary">
<msg time="2025-07-03T17:05:18.760945" level="INFO">Typing text 'admin123' into text field 'xpath=//input[@placeholder='Password']'.</msg>
<arg>xpath=//input[@placeholder='Password']</arg>
<arg>admin123</arg>
<doc>Types the given ``text`` into the text field identified by ``locator``.</doc>
<status status="PASS" start="2025-07-03T17:05:18.760706" elapsed="0.040522"/>
</kw>
<kw name="Click Button" owner="SeleniumLibrary">
<msg time="2025-07-03T17:05:18.801643" level="INFO">Clicking button 'xpath=//button[@type='submit']'.</msg>
<arg>xpath=//button[@type='submit']</arg>
<doc>Clicks the button identified by ``locator``.</doc>
<status status="PASS" start="2025-07-03T17:05:18.801471" elapsed="1.111727"/>
</kw>
<kw name="Wait Until Page Contains Element" owner="SeleniumLibrary">
<arg>xpath=//h6[text()='Dashboard']</arg>
<arg>20s</arg>
<doc>Waits until the element ``locator`` appears on the current page.</doc>
<status status="PASS" start="2025-07-03T17:05:19.913450" elapsed="0.416852"/>
</kw>
<kw name="Go To" owner="SeleniumLibrary">
<msg time="2025-07-03T17:05:20.330611" level="INFO">Opening url 'https://opensource-demo.orangehrmlive.com/web/index.php/leave/viewMyLeaveList'</msg>
<arg>https://opensource-demo.orangehrmlive.com/web/index.php/leave/viewMyLeaveList</arg>
<doc>Navigates the current browser window to the provided ``url``.</doc>
<status status="PASS" start="2025-07-03T17:05:20.330515" elapsed="0.565134"/>
</kw>
<kw name="Wait Until Page Contains Element" owner="SeleniumLibrary">
<arg>xpath=//h5[text()='My Leave List']</arg>
<arg>20s</arg>
<doc>Waits until the element ``locator`` appears on the current page.</doc>
<status status="PASS" start="2025-07-03T17:05:20.895880" elapsed="0.423412"/>
</kw>
<kw name="Page Should Contain Element" owner="SeleniumLibrary">
<msg time="2025-07-03T17:05:21.323834" level="INFO">Current page contains element 'xpath=//h5[text()='My Leave List']'.</msg>
<arg>xpath=//h5[text()='My Leave List']</arg>
<arg>20s</arg>
<doc>Verifies that element ``locator`` is found on the current page.</doc>
<status status="PASS" start="2025-07-03T17:05:21.319755" elapsed="0.004144"/>
</kw>
<doc>Log in and view list of previously submitted leave requests</doc>
<status status="PASS" start="2025-07-03T17:05:14.116346" elapsed="7.207724"/>
</test>
<status status="FAIL" start="2025-07-03T17:04:56.365136" elapsed="24.959423"/>
</suite>
<statistics>
<total>
<stat pass="2" fail="1" skip="0">All Tests</stat>
</total>
<tag>
</tag>
<suite>
<stat name="Automate test factory" id="s1" pass="2" fail="1" skip="0">Automate test factory</stat>
</suite>
</statistics>
<errors>
</errors>
</robot>
